[ 2016-11-28T14:59:02+08:00 ] 222.42.114.20 /index.php
INFO: [ app_begin ] --START--
INFO: ReadHtmlCache Behavior ::run [ RunTime:0.000419s ]
NOTIC: [2] mysql_connect(): Host '127.0.0.1' is not allowed to connect to this MySQL server /data/home/bmu014149/htdocs/core/Lib/Driver/Db/DbMysql.class.php Á¨¨ 55 Ë°å.
ERR: Host '127.0.0.1' is not allowed to connect to this MySQL server

[ 2016-11-28T14:59:41+08:00 ] 222.42.114.20 /index.php
INFO: [ app_begin ] --START--
INFO: ReadHtmlCache Behavior ::run [ RunTime:0.000395s ]
SQL: SHOW COLUMNS FROM `ha_sites` [ RunTime:0.000891s ]
SQL: SELECT * FROM `ha_sites` WHERE ( `status` = 'ÂºÄÂê\Ø' )  [ RunTime:0.000392s ]

[ 2016-11-28T14:59:48+08:00 ] 222.42.114.20 /admin.php/admin
INFO: [ route_check ] --START--
INFO: CheckRoute Behavior ::run [ RunTime:0.000514s ]
INFO: [ route_check ] --END-- [ RunTime:0.000633s ]
INFO: [ app_begin ] --START--
INFO: ReadHtmlCache Behavior ::run [ RunTime:0.000340s ]
INFO: [ app_begin ] --END-- [ RunTime:0.000396s ]
INFO: [ action_begin ] --START--
INFO: Adminready Behavior ::run [ RunTime:0.001361s ]
INFO: [ action_begin ] --END-- [ RunTime:0.001422s ]
NOTIC: [8] Undefined index: jltech /data/home/bmu014149/htdocs/core/Extend/Library/ORG/Util/RBAC.class.php Á¨¨ 173 Ë°å.
SQL: select node.id,node.name from ha_role as role,ha_role_user as user,ha_access as access ,ha_node as node where user.user_id='' and user.role_id=role.id and ( access.role_id=role.id  or (access.role_id=role.pid and role.pid!=0 ) ) and role.status=1 and access.node_id=node.id and node.level=1 and node.status=1 [ RunTime:0.000632s ]

[ 2016-11-28T14:59:48+08:00 ] 222.42.114.20 /admin.php/admin/public/login
INFO: [ route_check ] --START--
INFO: CheckRoute Behavior ::run [ RunTime:0.000539s ]
INFO: [ route_check ] --END-- [ RunTime:0.000673s ]
INFO: [ app_begin ] --START--
INFO: ReadHtmlCache Behavior ::run [ RunTime:0.000335s ]
INFO: [ app_begin ] --END-- [ RunTime:0.000391s ]
INFO: [ action_begin ] --START--
INFO: Adminready Behavior ::run [ RunTime:0.001354s ]
INFO: [ action_begin ] --END-- [ RunTime:0.001428s ]
SQL: SHOW COLUMNS FROM `ha_arctype` [ RunTime:0.001112s ]
SQL: SELECT `id` FROM `ha_arctype` WHERE ( `status` = -1 ) AND ( `recycledate` < 1477724388 )  [ RunTime:0.000614s ]
SQL: SHOW COLUMNS FROM `ha_archives` [ RunTime:0.001064s ]
SQL: SELECT `id` FROM `ha_archives` WHERE ( `status` = -1 ) AND ( `recycledate` < 1477724388 )  [ RunTime:0.000430s ]
SQL: SHOW COLUMNS FROM `ha_channel` [ RunTime:0.000575s ]
SQL: SELECT `id`,`addtable` FROM `ha_channel`  [ RunTime:0.000311s ]
SQL: SELECT * FROM `ha_archives` WHERE ( `id` = '210' ) LIMIT 1   [ RunTime:0.000426s ]
SQL: DELETE FROM `ha_archives` WHERE ( `id` = 210 ) [ RunTime:0.000393s ]
NOTIC: [8] Undefined index: mapping_name /data/home/bmu014149/htdocs/core/Extend/Model/RelationModel.class.php Á¨¨ 257 Ë°å.
SQL: SHOW COLUMNS FROM `ha_addnews` [ RunTime:0.000516s ]
SQL: DELETE FROM `ha_addnews` WHERE ( `aid` = 210 ) [ RunTime:0.000290s ]
SQL: SELECT * FROM `ha_archives` WHERE ( `id` = '211' ) LIMIT 1   [ RunTime:0.000390s ]
SQL: DELETE FROM `ha_archives` WHERE ( `id` = 211 ) [ RunTime:0.000389s ]
NOTIC: [8] Undefined index: mapping_name /data/home/bmu014149/htdocs/core/Extend/Model/RelationModel.class.php Á¨¨ 257 Ë°å.
SQL: DELETE FROM `ha_addnews` WHERE ( `aid` = 211 ) [ RunTime:0.000295s ]
SQL: SELECT * FROM `ha_archives` WHERE ( `id` = '212' ) LIMIT 1   [ RunTime:0.000367s ]
SQL: DELETE FROM `ha_archives` WHERE ( `id` = 212 ) [ RunTime:0.000284s ]
NOTIC: [8] Undefined index: mapping_name /data/home/bmu014149/htdocs/core/Extend/Model/RelationModel.class.php Á¨¨ 257 Ë°å.
SQL: DELETE FROM `ha_addnews` WHERE ( `aid` = 212 ) [ RunTime:0.000258s ]
INFO: [ view_parse ] --START--
INFO: ParseTemplate Behavior ::run [ RunTime:0.009466s ]
INFO: [ view_parse ] --END-- [ RunTime:0.009562s ]
INFO: [ view_filter ] --START--
INFO: ContentReplace Behavior ::run [ RunTime:0.000327s ]
INFO: TokenBuild Behavior ::run [ RunTime:0.000308s ]
INFO: WriteHtmlCache Behavior ::run [ RunTime:0.000215s ]
INFO: ShowRuntime Behavior ::run [ RunTime:0.000293s ]
INFO: [ view_filter ] --END-- [ RunTime:0.001282s ]
INFO: [ view_end ] --START--
INFO: ShowPageTrace Behavior ::run [ RunTime:0.000372s ]
INFO: [ view_end ] --END-- [ RunTime:0.000433s ]

[ 2016-11-28T14:59:49+08:00 ] 222.42.114.20 /admin.php/admin/public/verify.html
INFO: [ route_check ] --START--
INFO: CheckRoute Behavior ::run [ RunTime:0.000521s ]
INFO: [ route_check ] --END-- [ RunTime:0.000638s ]
INFO: [ app_begin ] --START--
INFO: ReadHtmlCache Behavior ::run [ RunTime:0.000350s ]
INFO: [ app_begin ] --END-- [ RunTime:0.000408s ]
INFO: [ action_begin ] --START--
INFO: Adminready Behavior ::run [ RunTime:0.001409s ]
INFO: [ action_begin ] --END-- [ RunTime:0.001464s ]
SQL: SHOW COLUMNS FROM `ha_arctype` [ RunTime:0.001083s ]
SQL: SELECT `id` FROM `ha_arctype` WHERE ( `status` = -1 ) AND ( `recycledate` < 1477724389 )  [ RunTime:0.000394s ]
SQL: SHOW COLUMNS FROM `ha_archives` [ RunTime:0.001774s ]
SQL: SELECT `id` FROM `ha_archives` WHERE ( `status` = -1 ) AND ( `recycledate` < 1477724389 )  [ RunTime:0.000508s ]

[ 2016-11-28T15:00:28+08:00 ] 222.42.114.20 /admin.php/admin/public/verify.html?t=1480316270444
INFO: [ route_check ] --START--
INFO: CheckRoute Behavior ::run [ RunTime:0.000569s ]
INFO: [ route_check ] --END-- [ RunTime:0.000717s ]
INFO: [ app_begin ] --START--
INFO: ReadHtmlCache Behavior ::run [ RunTime:0.000354s ]
INFO: [ app_begin ] --END-- [ RunTime:0.000413s ]
INFO: [ action_begin ] --START--
INFO: Adminready Behavior ::run [ RunTime:0.001563s ]
INFO: [ action_begin ] --END-- [ RunTime:0.001618s ]
SQL: SHOW COLUMNS FROM `ha_arctype` [ RunTime:0.001180s ]
SQL: SELECT `id` FROM `ha_arctype` WHERE ( `status` = -1 ) AND ( `recycledate` < 1477724428 )  [ RunTime:0.001804s ]
SQL: SHOW COLUMNS FROM `ha_archives` [ RunTime:0.000911s ]
SQL: SELECT `id` FROM `ha_archives` WHERE ( `status` = -1 ) AND ( `recycledate` < 1477724428 )  [ RunTime:0.000740s ]

[ 2016-11-28T15:00:30+08:00 ] 222.42.114.20 /admin.php/admin/public/verify.html?t=1480316272200
INFO: [ route_check ] --START--
INFO: CheckRoute Behavior ::run [ RunTime:0.000594s ]
INFO: [ route_check ] --END-- [ RunTime:0.000707s ]
INFO: [ app_begin ] --START--
INFO: ReadHtmlCache Behavior ::run [ RunTime:0.000348s ]
INFO: [ app_begin ] --END-- [ RunTime:0.000403s ]
INFO: [ action_begin ] --START--
INFO: Adminready Behavior ::run [ RunTime:0.001274s ]
INFO: [ action_begin ] --END-- [ RunTime:0.001329s ]
SQL: SHOW COLUMNS FROM `ha_arctype` [ RunTime:0.001122s ]
SQL: SELECT `id` FROM `ha_arctype` WHERE ( `status` = -1 ) AND ( `recycledate` < 1477724430 )  [ RunTime:0.001972s ]
SQL: SHOW COLUMNS FROM `ha_archives` [ RunTime:0.001188s ]
SQL: SELECT `id` FROM `ha_archives` WHERE ( `status` = -1 ) AND ( `recycledate` < 1477724430 )  [ RunTime:0.002079s ]

[ 2016-11-28T15:00:36+08:00 ] 222.42.114.20 /admin.php/admin/public/checkLogin.html
INFO: [ route_check ] --START--
INFO: CheckRoute Behavior ::run [ RunTime:0.000665s ]
INFO: [ route_check ] --END-- [ RunTime:0.000783s ]
INFO: [ app_begin ] --START--
INFO: ReadHtmlCache Behavior ::run [ RunTime:0.000370s ]
INFO: [ app_begin ] --END-- [ RunTime:0.000435s ]
INFO: [ action_begin ] --START--
INFO: Adminready Behavior ::run [ RunTime:0.001281s ]
INFO: [ action_begin ] --END-- [ RunTime:0.001338s ]
SQL: SHOW COLUMNS FROM `ha_arctype` [ RunTime:0.001152s ]
SQL: SELECT `id` FROM `ha_arctype` WHERE ( `status` = -1 ) AND ( `recycledate` < 1477724436 )  [ RunTime:0.000444s ]
SQL: SHOW COLUMNS FROM `ha_archives` [ RunTime:0.000831s ]
SQL: SELECT `id` FROM `ha_archives` WHERE ( `status` = -1 ) AND ( `recycledate` < 1477724436 )  [ RunTime:0.000434s ]
SQL: SHOW COLUMNS FROM `ha_admin` [ RunTime:0.000671s ]
SQL: SELECT * FROM `ha_admin` WHERE ( `userid` = 'myphpadmin' ) AND ( `status` = 1 ) LIMIT 1   [ RunTime:0.000375s ]
SQL: SHOW COLUMNS FROM `ha_admin` [ RunTime:0.000660s ]
SQL: UPDATE `ha_admin` SET `logintime`=1480316436,`loginip`='222.42.114.20' WHERE ( `id` = 1 ) [ RunTime:0.000338s ]
SQL: SHOW COLUMNS FROM `ha_user_grant` [ RunTime:0.000541s ]
SQL: SELECT `read`,`write`,`check` FROM `ha_user_grant` WHERE ( `siteid` = 1 ) AND ( `mid` = 1 ) AND ( `type` = 2 ) LIMIT 1   [ RunTime:0.000328s ]
SQL: SELECT `usertype` FROM `ha_admin` WHERE ( id = 1 ) LIMIT 1   [ RunTime:0.000288s ]
SQL: SELECT `read`,`write`,`check` FROM `ha_user_grant` WHERE ( `siteid` = 1 ) AND ( `mid` = 1 ) AND ( `type` = 1 ) LIMIT 1   [ RunTime:0.000287s ]

[ 2016-11-28T15:00:36+08:00 ] 222.42.114.20 /admin.php/admin/index/super.html
INFO: [ route_check ] --START--
INFO: CheckRoute Behavior ::run [ RunTime:0.000523s ]
INFO: [ route_check ] --END-- [ RunTime:0.000629s ]
INFO: [ app_begin ] --START--
INFO: ReadHtmlCache Behavior ::run [ RunTime:0.000385s ]
INFO: [ app_begin ] --END-- [ RunTime:0.000444s ]
INFO: [ action_begin ] --START--
INFO: Adminready Behavior ::run [ RunTime:0.001276s ]
INFO: [ action_begin ] --END-- [ RunTime:0.001343s ]
SQL: SHOW COLUMNS FROM `ha_arctype` [ RunTime:0.001313s ]
SQL: SELECT `id` FROM `ha_arctype` WHERE ( `status` = -1 ) AND ( `recycledate` < 1477724436 )  [ RunTime:0.000259s ]
SQL: SHOW COLUMNS FROM `ha_archives` [ RunTime:0.001149s ]
SQL: SELECT `id` FROM `ha_archives` WHERE ( `status` = -1 ) AND ( `recycledate` < 1477724436 )  [ RunTime:0.000250s ]
INFO: [ view_parse ] --START--
INFO: ParseTemplate Behavior ::run [ RunTime:0.005835s ]
INFO: [ view_parse ] --END-- [ RunTime:0.005919s ]
INFO: [ view_filter ] --START--
INFO: ContentReplace Behavior ::run [ RunTime:0.000265s ]
INFO: TokenBuild Behavior ::run [ RunTime:0.000265s ]
INFO: WriteHtmlCache Behavior ::run [ RunTime:0.000184s ]
INFO: ShowRuntime Behavior ::run [ RunTime:0.000310s ]
INFO: [ view_filter ] --END-- [ RunTime:0.001189s ]
INFO: [ view_end ] --START--
INFO: ShowPageTrace Behavior ::run [ RunTime:0.000431s ]
INFO: [ view_end ] --END-- [ RunTime:0.000477s ]

[ 2016-11-28T15:00:36+08:00 ] 222.42.114.20 /admin.php/admin/index/superhead
INFO: [ route_check ] --START--
INFO: CheckRoute Behavior ::run [ RunTime:0.000518s ]
INFO: [ route_check ] --END-- [ RunTime:0.000711s ]
INFO: [ app_begin ] --START--
INFO: ReadHtmlCache Behavior ::run [ RunTime:0.000355s ]
INFO: [ app_begin ] --END-- [ RunTime:0.000411s ]
INFO: [ action_begin ] --START--
INFO: Adminready Behavior ::run [ RunTime:0.001304s ]
INFO: [ action_begin ] --END-- [ RunTime:0.001378s ]
SQL: SHOW COLUMNS FROM `ha_arctype` [ RunTime:0.001217s ]
SQL: SELECT `id` FROM `ha_arctype` WHERE ( `status` = -1 ) AND ( `recycledate` < 1477724436 )  [ RunTime:0.000640s ]
SQL: SHOW COLUMNS FROM `ha_archives` [ RunTime:0.000871s ]
SQL: SELECT `id` FROM `ha_archives` WHERE ( `status` = -1 ) AND ( `recycledate` < 1477724436 )  [ RunTime:0.000275s ]
INFO: [ view_parse ] --START--
INFO: ParseTemplate Behavior ::run [ RunTime:0.006941s ]
INFO: [ view_parse ] --END-- [ RunTime:0.007057s ]
INFO: [ view_filter ] --START--
INFO: ContentReplace Behavior ::run [ RunTime:0.000254s ]
INFO: TokenBuild Behavior ::run [ RunTime:0.000263s ]
INFO: WriteHtmlCache Behavior ::run [ RunTime:0.000184s ]
INFO: ShowRuntime Behavior ::run [ RunTime:0.000308s ]
INFO: [ view_filter ] --END-- [ RunTime:0.001146s ]
INFO: [ view_end ] --START--
INFO: ShowPageTrace Behavior ::run [ RunTime:0.000387s ]
INFO: [ view_end ] --END-- [ RunTime:0.000432s ]

[ 2016-11-28T15:00:36+08:00 ] 222.42.114.20 /admin.php/admin/index/supermenu
INFO: [ route_check ] --START--
INFO: CheckRoute Behavior ::run [ RunTime:0.000631s ]
INFO: [ route_check ] --END-- [ RunTime:0.000754s ]
INFO: [ app_begin ] --START--
INFO: ReadHtmlCache Behavior ::run [ RunTime:0.000377s ]
INFO: [ app_begin ] --END-- [ RunTime:0.000434s ]
INFO: [ action_begin ] --START--
INFO: Adminready Behavior ::run [ RunTime:0.001330s ]
INFO: [ action_begin ] --END-- [ RunTime:0.001406s ]
SQL: SHOW COLUMNS FROM `ha_arctype` [ RunTime:0.001166s ]
SQL: SELECT `id` FROM `ha_arctype` WHERE ( `status` = -1 ) AND ( `recycledate` < 1477724436 )  [ RunTime:0.000256s ]
SQL: SHOW COLUMNS FROM `ha_archives` [ RunTime:0.000945s ]
SQL: SELECT `id` FROM `ha_archives` WHERE ( `status` = -1 ) AND ( `recycledate` < 1477724436 )  [ RunTime:0.000901s ]
SQL: SHOW COLUMNS FROM `ha_configtype` [ RunTime:0.000814s ]
SQL: SELECT * FROM `ha_configtype`  [ RunTime:0.000336s ]
SQL: SHOW COLUMNS FROM `ha_sites` [ RunTime:0.000631s ]
SQL: SELECT * FROM `ha_sites` WHERE ( `status` = 'ÂºÄÂê\Ø' )  [ RunTime:0.000260s ]
INFO: [ view_parse ] --START--
INFO: ParseTemplate Behavior ::run [ RunTime:0.015698s ]
INFO: [ view_parse ] --END-- [ RunTime:0.015787s ]
INFO: [ view_filter ] --START--
INFO: ContentReplace Behavior ::run [ RunTime:0.000759s ]
INFO: TokenBuild Behavior ::run [ RunTime:0.000385s ]
INFO: WriteHtmlCache Behavior ::run [ RunTime:0.000193s ]
INFO: ShowRuntime Behavior ::run [ RunTime:0.000368s ]
INFO: [ view_filter ] --END-- [ RunTime:0.001861s ]
INFO: [ view_end ] --START--
INFO: ShowPageTrace Behavior ::run [ RunTime:0.000384s ]
INFO: [ view_end ] --END-- [ RunTime:0.000432s ]

[ 2016-11-28T15:00:36+08:00 ] 222.42.114.20 /admin.php/admin/index/welcome
INFO: [ route_check ] --START--
INFO: CheckRoute Behavior ::run [ RunTime:0.000543s ]
INFO: [ route_check ] --END-- [ RunTime:0.000663s ]
INFO: [ app_begin ] --START--
INFO: ReadHtmlCache Behavior ::run [ RunTime:0.000353s ]
INFO: [ app_begin ] --END-- [ RunTime:0.000407s ]
INFO: [ action_begin ] --START--
INFO: Adminready Behavior ::run [ RunTime:0.001454s ]
INFO: [ action_begin ] --END-- [ RunTime:0.001538s ]
SQL: SHOW COLUMNS FROM `ha_arctype` [ RunTime:0.001395s ]
SQL: SELECT `id` FROM `ha_arctype` WHERE ( `status` = -1 ) AND ( `recycledate` < 1477724436 )  [ RunTime:0.000340s ]
SQL: SHOW COLUMNS FROM `ha_archives` [ RunTime:0.001157s ]
SQL: SELECT `id` FROM `ha_archives` WHERE ( `status` = -1 ) AND ( `recycledate` < 1477724436 )  [ RunTime:0.000260s ]
INFO: [ view_parse ] --START--
NOTIC: [8] Undefined index: passwordIsEasy /data/home/bmu014149/htdocs/wcs/Runtime/Cache/admin/b7a7f6cd8b1f7e9c065ab5db888ca3ce.php Á¨¨ 155 Ë°å.
INFO: ParseTemplate Behavior ::run [ RunTime:0.011816s ]
INFO: [ view_parse ] --END-- [ RunTime:0.011884s ]
INFO: [ view_filter ] --START--
INFO: ContentReplace Behavior ::run [ RunTime:0.000598s ]
INFO: TokenBuild Behavior ::run [ RunTime:0.000266s ]
INFO: WriteHtmlCache Behavior ::run [ RunTime:0.000204s ]
INFO: ShowRuntime Behavior ::run [ RunTime:0.000382s ]
INFO: [ view_filter ] --END-- [ RunTime:0.001621s ]
INFO: [ view_end ] --START--
INFO: ShowPageTrace Behavior ::run [ RunTime:0.000376s ]
INFO: [ view_end ] --END-- [ RunTime:0.000419s ]

[ 2016-11-28T15:00:37+08:00 ] 222.42.114.20 /admin.php/admin/commonajax/getSysconfig
INFO: [ route_check ] --START--
INFO: CheckRoute Behavior ::run [ RunTime:0.000552s ]
INFO: [ route_check ] --END-- [ RunTime:0.000672s ]
INFO: [ app_begin ] --START--
INFO: ReadHtmlCache Behavior ::run [ RunTime:0.000351s ]
INFO: [ app_begin ] --END-- [ RunTime:0.000402s ]
INFO: [ action_begin ] --START--
INFO: Adminready Behavior ::run [ RunTime:0.001288s ]
INFO: [ action_begin ] --END-- [ RunTime:0.001342s ]
SQL: SHOW COLUMNS FROM `ha_sysconfig` [ RunTime:0.000853s ]
SQL: SELECT `id`,`varname`,`value` FROM `ha_sysconfig` WHERE ( varname in ('JL_SERVER','JL_HTML_CACHE','SYS_SAFE_MODE','SYS_FILTER','SYS_DEFAULT_EDITOR','SYS_RECYCLE_MODE','SYS_DATETIME_MODE') )  [ RunTime:0.000379s ]

[ 2016-11-28T15:00:37+08:00 ] 222.42.114.20 /admin.php/admin/ajax/ajaxZtree.html
INFO: [ route_check ] --START--
INFO: CheckRoute Behavior ::run [ RunTime:0.000515s ]
INFO: [ route_check ] --END-- [ RunTime:0.000629s ]
INFO: [ app_begin ] --START--
INFO: ReadHtmlCache Behavior ::run [ RunTime:0.000379s ]
INFO: [ app_begin ] --END-- [ RunTime:0.000458s ]
INFO: [ action_begin ] --START--
INFO: Adminready Behavior ::run [ RunTime:0.001278s ]
INFO: [ action_begin ] --END-- [ RunTime:0.001331s ]
SQL: SHOW COLUMNS FROM `ha_arctype` [ RunTime:0.001395s ]
SQL: SELECT * FROM `ha_arctype` WHERE ( `siteid` = 1 )  [ RunTime:0.001393s ]
SQL: SHOW COLUMNS FROM `ha_channel` [ RunTime:0.000791s ]
SQL: SELECT * FROM `ha_channel`  [ RunTime:0.000835s ]
SQL: SHOW COLUMNS FROM `ha_channel` [ RunTime:0.000765s ]
SQL: SHOW COLUMNS FROM `ha_channel` [ RunTime:0.000729s ]
SQL: SHOW COLUMNS FROM `ha_channel` [ RunTime:0.000751s ]
SQL: SHOW COLUMNS FROM `ha_channel` [ RunTime:0.000758s ]
SQL: SHOW COLUMNS FROM `ha_channel` [ RunTime:0.000784s ]
SQL: SHOW COLUMNS FROM `ha_channel` [ RunTime:0.000589s ]
SQL: SHOW COLUMNS FROM `ha_channel` [ RunTime:0.000574s ]
SQL: SHOW COLUMNS FROM `ha_channel` [ RunTime:0.000562s ]
SQL: SHOW COLUMNS FROM `ha_channel` [ RunTime:0.000554s ]
SQL: SHOW COLUMNS FROM `ha_channel` [ RunTime:0.000576s ]
SQL: SHOW COLUMNS FROM `ha_channel` [ RunTime:0.000574s ]
SQL: SHOW COLUMNS FROM `ha_channel` [ RunTime:0.000582s ]
SQL: SHOW COLUMNS FROM `ha_channel` [ RunTime:0.001061s ]
SQL: SHOW COLUMNS FROM `ha_channel` [ RunTime:0.000597s ]
SQL: SHOW COLUMNS FROM `ha_channel` [ RunTime:0.000585s ]
SQL: SHOW COLUMNS FROM `ha_channel` [ RunTime:0.000569s ]
SQL: SHOW COLUMNS FROM `ha_channel` [ RunTime:0.000559s ]
SQL: SHOW COLUMNS FROM `ha_channel` [ RunTime:0.000578s ]
SQL: SHOW COLUMNS FROM `ha_channel` [ RunTime:0.000532s ]
SQL: SHOW COLUMNS FROM `ha_channel` [ RunTime:0.000536s ]
SQL: SHOW COLUMNS FROM `ha_channel` [ RunTime:0.000572s ]
SQL: SHOW COLUMNS FROM `ha_channel` [ RunTime:0.000568s ]
SQL: SHOW COLUMNS FROM `ha_channel` [ RunTime:0.000579s ]
SQL: SHOW COLUMNS FROM `ha_channel` [ RunTime:0.000573s ]
SQL: SHOW COLUMNS FROM `ha_channel` [ RunTime:0.000559s ]
SQL: SHOW COLUMNS FROM `ha_channel` [ RunTime:0.000536s ]
SQL: SHOW COLUMNS FROM `ha_channel` [ RunTime:0.000533s ]
SQL: SHOW COLUMNS FROM `ha_channel` [ RunTime:0.000563s ]
SQL: SHOW COLUMNS FROM `ha_channel` [ RunTime:0.000555s ]
SQL: SHOW COLUMNS FROM `ha_channel` [ RunTime:0.000542s ]
SQL: SHOW COLUMNS FROM `ha_channel` [ RunTime:0.000522s ]
SQL: SHOW COLUMNS FROM `ha_channel` [ RunTime:0.000547s ]
SQL: SHOW COLUMNS FROM `ha_channel` [ RunTime:0.000712s ]
SQL: SHOW COLUMNS FROM `ha_channel` [ RunTime:0.000545s ]
SQL: SHOW COLUMNS FROM `ha_channel` [ RunTime:0.000644s ]
SQL: SHOW COLUMNS FROM `ha_channel` [ RunTime:0.000624s ]
SQL: SHOW COLUMNS FROM `ha_channel` [ RunTime:0.000974s ]
SQL: SHOW COLUMNS FROM `ha_channel` [ RunTime:0.000559s ]
SQL: SHOW COLUMNS FROM `ha_channel` [ RunTime:0.000546s ]
SQL: SHOW COLUMNS FROM `ha_channel` [ RunTime:0.000917s ]
SQL: SHOW COLUMNS FROM `ha_channel` [ RunTime:0.000596s ]
SQL: SHOW COLUMNS FROM `ha_channel` [ RunTime:0.000536s ]
SQL: SHOW COLUMNS FROM `ha_channel` [ RunTime:0.000553s ]
SQL: SHOW COLUMNS FROM `ha_channel` [ RunTime:0.000548s ]
SQL: SHOW COLUMNS FROM `ha_channel` [ RunTime:0.000563s ]
SQL: SHOW COLUMNS FROM `ha_channel` [ RunTime:0.000574s ]
SQL: SHOW COLUMNS FROM `ha_channel` [ RunTime:0.000600s ]
SQL: SHOW COLUMNS FROM `ha_channel` [ RunTime:0.000589s ]
SQL: SHOW COLUMNS FROM `ha_channel` [ RunTime:0.000573s ]
SQL: SHOW COLUMNS FROM `ha_channel` [ RunTime:0.000988s ]
SQL: SHOW COLUMNS FROM `ha_channel` [ RunTime:0.000568s ]
SQL: SHOW COLUMNS FROM `ha_channel` [ RunTime:0.000578s ]
SQL: SHOW COLUMNS FROM `ha_channel` [ RunTime:0.000543s ]
SQL: SHOW COLUMNS FROM `ha_channel` [ RunTime:0.000553s ]
SQL: SHOW COLUMNS FROM `ha_channel` [ RunTime:0.000571s ]
SQL: SHOW COLUMNS FROM `ha_channel` [ RunTime:0.000562s ]
SQL: SHOW COLUMNS FROM `ha_channel` [ RunTime:0.000701s ]
SQL: SHOW COLUMNS FROM `ha_channel` [ RunTime:0.000588s ]
SQL: SHOW COLUMNS FROM `ha_channel` [ RunTime:0.000557s ]
SQL: SHOW COLUMNS FROM `ha_channel` [ RunTime:0.000542s ]
SQL: SHOW COLUMNS FROM `ha_channel` [ RunTime:0.000587s ]
SQL: SHOW COLUMNS FROM `ha_channel` [ RunTime:0.000609s ]
SQL: SHOW COLUMNS FROM `ha_channel` [ RunTime:0.000586s ]

[ 2016-11-28T15:00:39+08:00 ] 222.42.114.20 /admin.php/admin/sites/show
INFO: [ route_check ] --START--
INFO: CheckRoute Behavior ::run [ RunTime:0.000533s ]
INFO: [ route_check ] --END-- [ RunTime:0.000653s ]
INFO: [ app_begin ] --START--
INFO: ReadHtmlCache Behavior ::run [ RunTime:0.000356s ]
INFO: [ app_begin ] --END-- [ RunTime:0.000416s ]
NOTIC: [2048] Declaration of SitesAction::show() should be compatible with that of Action::show() /data/home/bmu014149/htdocs/wcs/Lib/Action/admin/SitesAction.class.php Á¨¨ 9 Ë°å.
INFO: [ action_begin ] --START--
INFO: Adminready Behavior ::run [ RunTime:0.001258s ]
INFO: [ action_begin ] --END-- [ RunTime:0.001308s ]
SQL: SHOW COLUMNS FROM `ha_arctype` [ RunTime:0.001132s ]
SQL: SELECT `id` FROM `ha_arctype` WHERE ( `status` = -1 ) AND ( `recycledate` < 1477724439 )  [ RunTime:0.000492s ]
SQL: SHOW COLUMNS FROM `ha_archives` [ RunTime:0.000828s ]
SQL: SELECT `id` FROM `ha_archives` WHERE ( `status` = -1 ) AND ( `recycledate` < 1477724439 )  [ RunTime:0.000489s ]
SQL: SHOW COLUMNS FROM `ha_sites` [ RunTime:0.000608s ]
NOTIC: [8] Undefined variable: map /data/home/bmu014149/htdocs/wcs/Lib/Action/admin/SitesAction.class.php Á¨¨ 46 Ë°å.
SQL: SELECT COUNT(*) AS tp_count FROM `ha_sites` LIMIT 1   [ RunTime:0.000264s ]
NOTIC: [8] Undefined index: searchby /data/home/bmu014149/htdocs/wcs/Lib/Action/admin/SitesAction.class.php Á¨¨ 50 Ë°å.
NOTIC: [8] Undefined variable: map /data/home/bmu014149/htdocs/wcs/Lib/Action/admin/SitesAction.class.php Á¨¨ 55 Ë°å.
SQL: SELECT * FROM `ha_sites` ORDER BY id desc LIMIT 0,20   [ RunTime:0.000432s ]
NOTIC: [8] Undefined variable: orderby /data/home/bmu014149/htdocs/wcs/Lib/Action/admin/SitesAction.class.php Á¨¨ 61 Ë°å.
NOTIC: [8] Undefined index: searchby /data/home/bmu014149/htdocs/wcs/Lib/Action/admin/SitesAction.class.php Á¨¨ 63 Ë°å.
INFO: [ view_parse ] --START--
NOTIC: [8] Undefined variable: add_style /data/home/bmu014149/htdocs/wcs/Runtime/Cache/admin/2245838f32f16d0ee620b6e7f9fb6149.php Á¨¨ 109 Ë°å.
NOTIC: [8] Undefined variable: searchkey /data/home/bmu014149/htdocs/wcs/Runtime/Cache/admin/2245838f32f16d0ee620b6e7f9fb6149.php Á¨¨ 119 Ë°å.
INFO: ParseTemplate Behavior ::run [ RunTime:0.010574s ]
INFO: [ view_parse ] --END-- [ RunTime:0.010646s ]
INFO: [ view_filter ] --START--
INFO: ContentReplace Behavior ::run [ RunTime:0.000404s ]
INFO: TokenBuild Behavior ::run [ RunTime:0.000266s ]
INFO: WriteHtmlCache Behavior ::run [ RunTime:0.000190s ]
INFO: ShowRuntime Behavior ::run [ RunTime:0.000306s ]
INFO: [ view_filter ] --END-- [ RunTime:0.001304s ]
INFO: [ view_end ] --START--
INFO: ShowPageTrace Behavior ::run [ RunTime:0.000401s ]
INFO: [ view_end ] --END-- [ RunTime:0.000449s ]

[ 2016-11-28T15:00:59+08:00 ] 222.42.114.20 /admin.php/admin/sites/edit?id=1
INFO: [ route_check ] --START--
INFO: CheckRoute Behavior ::run [ RunTime:0.000534s ]
INFO: [ route_check ] --END-- [ RunTime:0.000667s ]
INFO: [ app_begin ] --START--
INFO: ReadHtmlCache Behavior ::run [ RunTime:0.000569s ]
INFO: [ app_begin ] --END-- [ RunTime:0.000679s ]
NOTIC: [2048] Declaration of SitesAction::show() should be compatible with that of Action::show() /data/home/bmu014149/htdocs/wcs/Lib/Action/admin/SitesAction.class.php Á¨¨ 9 Ë°å.
INFO: [ action_begin ] --START--
INFO: Adminready Behavior ::run [ RunTime:0.001555s ]
INFO: [ action_begin ] --END-- [ RunTime:0.001619s ]
SQL: SHOW COLUMNS FROM `ha_arctype` [ RunTime:0.001420s ]
SQL: SELECT `id` FROM `ha_arctype` WHERE ( `status` = -1 ) AND ( `recycledate` < 1477724459 )  [ RunTime:0.000477s ]
SQL: SHOW COLUMNS FROM `ha_archives` [ RunTime:0.001204s ]
SQL: SELECT `id` FROM `ha_archives` WHERE ( `status` = -1 ) AND ( `recycledate` < 1477724459 )  [ RunTime:0.000548s ]
SQL: SHOW COLUMNS FROM `ha_sites` [ RunTime:0.000822s ]
SQL: SELECT * FROM `ha_sites` WHERE ( id = 1 ) LIMIT 1   [ RunTime:0.000356s ]
SQL: SHOW COLUMNS FROM `ha_arctype` [ RunTime:0.000816s ]
SQL: SELECT `id`,`fid`,`name` FROM `ha_arctype` WHERE ( (`fid` = 28) OR (`fid` = 69) ) AND ( `siteid` = 1 )  [ RunTime:0.000379s ]
NOTIC: [2] Invalid argument supplied for foreach() /data/home/bmu014149/htdocs/wcs/Lib/Action/admin/SitesAction.class.php Á¨¨ 156 Ë°å.
NOTIC: [2] Missing argument 3 for Zebra_Form_Select::add_options(), called in /data/home/bmu014149/htdocs/wcs/Lib/Action/admin/SitesAction.class.php on line 178 and defined /data/home/bmu014149/htdocs/wcs/Include/form/includes/Select.php Á¨¨ 230 Ë°å.
NOTIC: [8] Undefined variable: arr /data/home/bmu014149/htdocs/wcs/Include/form/includes/Select.php Á¨¨ 232 Ë°å.
NOTIC: [8] Undefined index: for /data/home/bmu014149/htdocs/wcs/Include/form/includes/Label.php Á¨¨ 183 Ë°å.
NOTIC: [8] Undefined index: for /data/home/bmu014149/htdocs/wcs/Include/form/includes/Label.php Á¨¨ 183 Ë°å.
INFO: [ view_parse ] --START--
INFO: ParseTemplate Behavior ::run [ RunTime:0.007174s ]
INFO: [ view_parse ] --END-- [ RunTime:0.007262s ]
INFO: [ view_filter ] --START--
INFO: ContentReplace Behavior ::run [ RunTime:0.000424s ]
INFO: TokenBuild Behavior ::run [ RunTime:0.000279s ]
INFO: WriteHtmlCache Behavior ::run [ RunTime:0.000212s ]
INFO: ShowRuntime Behavior ::run [ RunTime:0.000302s ]
INFO: [ view_filter ] --END-- [ RunTime:0.001360s ]
INFO: [ view_end ] --START--
INFO: ShowPageTrace Behavior ::run [ RunTime:0.000625s ]
INFO: [ view_end ] --END-- [ RunTime:0.000721s ]

[ 2016-11-28T15:01:00+08:00 ] ERR: site.xml : wcs/Tpl/home/default/site.xml
[ 2016-11-28T15:01:00+08:00 ] 222.42.114.20 /admin.php/admin/sites/getSiteStyleHtml.html
INFO: [ route_check ] --START--
INFO: CheckRoute Behavior ::run [ RunTime:0.000698s ]
INFO: [ route_check ] --END-- [ RunTime:0.000867s ]
INFO: [ app_begin ] --START--
INFO: ReadHtmlCache Behavior ::run [ RunTime:0.000352s ]
INFO: [ app_begin ] --END-- [ RunTime:0.000411s ]
NOTIC: [2048] Declaration of SitesAction::show() should be compatible with that of Action::show() /data/home/bmu014149/htdocs/wcs/Lib/Action/admin/SitesAction.class.php Á¨¨ 9 Ë°å.
INFO: [ action_begin ] --START--
INFO: Adminready Behavior ::run [ RunTime:0.001293s ]
INFO: [ action_begin ] --END-- [ RunTime:0.001342s ]
SQL: SHOW COLUMNS FROM `ha_arctype` [ RunTime:0.001208s ]
SQL: SELECT `id` FROM `ha_arctype` WHERE ( `status` = -1 ) AND ( `recycledate` < 1477724460 )  [ RunTime:0.000436s ]
SQL: SHOW COLUMNS FROM `ha_archives` [ RunTime:0.000877s ]
SQL: SELECT `id` FROM `ha_archives` WHERE ( `status` = -1 ) AND ( `recycledate` < 1477724460 )  [ RunTime:0.000493s ]
NOTIC: Âª∫ËÆÆ‰ΩøÁî®IÊñπÊ≥ïÊõø‰ª£_param
NOTIC: Âª∫ËÆÆ‰ΩøÁî®IÊñπÊ≥ïÊõø‰ª£_param

[ 2016-11-28T15:01:03+08:00 ] 222.42.114.20 /admin.php/admin/form/siteupdate.html
INFO: [ route_check ] --START--
INFO: CheckRoute Behavior ::run [ RunTime:0.000609s ]
INFO: [ route_check ] --END-- [ RunTime:0.000726s ]
INFO: [ app_begin ] --START--
INFO: ReadHtmlCache Behavior ::run [ RunTime:0.000341s ]
INFO: [ app_begin ] --END-- [ RunTime:0.000396s ]
INFO: [ action_begin ] --START--
INFO: Adminready Behavior ::run [ RunTime:0.001281s ]
INFO: [ action_begin ] --END-- [ RunTime:0.001340s ]
SQL: SHOW COLUMNS FROM `ha_sites` [ RunTime:0.001329s ]
SQL: UPDATE `ha_sites` SET `name`='‰∏ªÁ´ô',`host`='www.huaaotech.com',`port`=80,`theme`='default',`style`='default',`banner`='',`status`='ÂºÄÂê\Ø' WHERE ( `id` = 1 ) [ RunTime:0.000510s ]
INFO: [ view_parse ] --START--
NOTIC: [8] Undefined variable: welcome /data/home/bmu014149/htdocs/wcs/Runtime/Cache/admin/1a8f48f9a4720c8076795f96159893f0.php Á¨¨ 49 Ë°å.
INFO: ParseTemplate Behavior ::run [ RunTime:0.007835s ]
INFO: [ view_parse ] --END-- [ RunTime:0.007905s ]
INFO: [ view_filter ] --START--
INFO: ContentReplace Behavior ::run [ RunTime:0.000308s ]
INFO: TokenBuild Behavior ::run [ RunTime:0.000262s ]
INFO: WriteHtmlCache Behavior ::run [ RunTime:0.000198s ]
INFO: ShowRuntime Behavior ::run [ RunTime:0.000307s ]
INFO: [ view_filter ] --END-- [ RunTime:0.001214s ]
INFO: [ view_end ] --START--
INFO: ShowPageTrace Behavior ::run [ RunTime:0.000428s ]
INFO: [ view_end ] --END-- [ RunTime:0.000479s ]

[ 2016-11-28T15:01:04+08:00 ] 222.42.114.20 /admin.php/admin/sites/show
INFO: [ route_check ] --START--
INFO: CheckRoute Behavior ::run [ RunTime:0.000579s ]
INFO: [ route_check ] --END-- [ RunTime:0.000710s ]
INFO: [ app_begin ] --START--
INFO: ReadHtmlCache Behavior ::run [ RunTime:0.000382s ]
INFO: [ app_begin ] --END-- [ RunTime:0.000444s ]
NOTIC: [2048] Declaration of SitesAction::show() should be compatible with that of Action::show() /data/home/bmu014149/htdocs/wcs/Lib/Action/admin/SitesAction.class.php Á¨¨ 9 Ë°å.
INFO: [ action_begin ] --START--
SQL: SHOW COLUMNS FROM `ha_sites` [ RunTime:0.001247s ]
SQL: SELECT * FROM `ha_sites` WHERE ( `status` = 'ÂºÄÂê\Ø' )  [ RunTime:0.000515s ]
INFO: Adminready Behavior ::run [ RunTime:0.014732s ]
INFO: [ action_begin ] --END-- [ RunTime:0.014787s ]
SQL: SHOW COLUMNS FROM `ha_arctype` [ RunTime:0.001281s ]
SQL: SELECT `id` FROM `ha_arctype` WHERE ( `status` = -1 ) AND ( `recycledate` < 1477724464 )  [ RunTime:0.000537s ]
SQL: SHOW COLUMNS FROM `ha_archives` [ RunTime:0.001319s ]
SQL: SELECT `id` FROM `ha_archives` WHERE ( `status` = -1 ) AND ( `recycledate` < 1477724464 )  [ RunTime:0.000494s ]
NOTIC: [8] Undefined variable: map /data/home/bmu014149/htdocs/wcs/Lib/Action/admin/SitesAction.class.php Á¨¨ 46 Ë°å.
SQL: SELECT COUNT(*) AS tp_count FROM `ha_sites` LIMIT 1   [ RunTime:0.000363s ]
NOTIC: [8] Undefined index: searchby /data/home/bmu014149/htdocs/wcs/Lib/Action/admin/SitesAction.class.php Á¨¨ 50 Ë°å.
NOTIC: [8] Undefined variable: map /data/home/bmu014149/htdocs/wcs/Lib/Action/admin/SitesAction.class.php Á¨¨ 55 Ë°å.
SQL: SELECT * FROM `ha_sites` ORDER BY id desc LIMIT 0,20   [ RunTime:0.000393s ]
NOTIC: [8] Undefined variable: orderby /data/home/bmu014149/htdocs/wcs/Lib/Action/admin/SitesAction.class.php Á¨¨ 61 Ë°å.
NOTIC: [8] Undefined index: searchby /data/home/bmu014149/htdocs/wcs/Lib/Action/admin/SitesAction.class.php Á¨¨ 63 Ë°å.
INFO: [ view_parse ] --START--
NOTIC: [8] Undefined variable: add_style /data/home/bmu014149/htdocs/wcs/Runtime/Cache/admin/2245838f32f16d0ee620b6e7f9fb6149.php Á¨¨ 109 Ë°å.
NOTIC: [8] Undefined variable: searchkey /data/home/bmu014149/htdocs/wcs/Runtime/Cache/admin/2245838f32f16d0ee620b6e7f9fb6149.php Á¨¨ 119 Ë°å.
INFO: ParseTemplate Behavior ::run [ RunTime:0.011086s ]
INFO: [ view_parse ] --END-- [ RunTime:0.011169s ]
INFO: [ view_filter ] --START--
INFO: ContentReplace Behavior ::run [ RunTime:0.000438s ]
INFO: TokenBuild Behavior ::run [ RunTime:0.000272s ]
INFO: WriteHtmlCache Behavior ::run [ RunTime:0.000189s ]
INFO: ShowRuntime Behavior ::run [ RunTime:0.000310s ]
INFO: [ view_filter ] --END-- [ RunTime:0.001357s ]
INFO: [ view_end ] --START--
INFO: ShowPageTrace Behavior ::run [ RunTime:0.000421s ]
INFO: [ view_end ] --END-- [ RunTime:0.000478s ]

[ 2016-11-28T15:01:06+08:00 ] 222.42.114.20 /admin.php/admin/sites/edit?id=1
INFO: [ route_check ] --START--
INFO: CheckRoute Behavior ::run [ RunTime:0.000529s ]
INFO: [ route_check ] --END-- [ RunTime:0.000654s ]
INFO: [ app_begin ] --START--
INFO: ReadHtmlCache Behavior ::run [ RunTime:0.000388s ]
INFO: [ app_begin ] --END-- [ RunTime:0.000446s ]
NOTIC: [2048] Declaration of SitesAction::show() should be compatible with that of Action::show() /data/home/bmu014149/htdocs/wcs/Lib/Action/admin/SitesAction.class.php Á¨¨ 9 Ë°å.
INFO: [ action_begin ] --START--
INFO: Adminready Behavior ::run [ RunTime:0.001366s ]
INFO: [ action_begin ] --END-- [ RunTime:0.001432s ]
SQL: SHOW COLUMNS FROM `ha_arctype` [ RunTime:0.003554s ]
SQL: SELECT `id` FROM `ha_arctype` WHERE ( `status` = -1 ) AND ( `recycledate` < 1477724466 )  [ RunTime:0.000380s ]
SQL: SHOW COLUMNS FROM `ha_archives` [ RunTime:0.003013s ]
SQL: SELECT `id` FROM `ha_archives` WHERE ( `status` = -1 ) AND ( `recycledate` < 1477724466 )  [ RunTime:0.000521s ]
SQL: SHOW COLUMNS FROM `ha_sites` [ RunTime:0.000903s ]
SQL: SELECT * FROM `ha_sites` WHERE ( id = 1 ) LIMIT 1   [ RunTime:0.000351s ]
SQL: SHOW COLUMNS FROM `ha_arctype` [ RunTime:0.000839s ]
SQL: SELECT `id`,`fid`,`name` FROM `ha_arctype` WHERE ( (`fid` = 28) OR (`fid` = 69) ) AND ( `siteid` = 1 )  [ RunTime:0.000262s ]
NOTIC: [2] Invalid argument supplied for foreach() /data/home/bmu014149/htdocs/wcs/Lib/Action/admin/SitesAction.class.php Á¨¨ 156 Ë°å.
NOTIC: [2] Missing argument 3 for Zebra_Form_Select::add_options(), called in /data/home/bmu014149/htdocs/wcs/Lib/Action/admin/SitesAction.class.php on line 178 and defined /data/home/bmu014149/htdocs/wcs/Include/form/includes/Select.php Á¨¨ 230 Ë°å.
NOTIC: [8] Undefined variable: arr /data/home/bmu014149/htdocs/wcs/Include/form/includes/Select.php Á¨¨ 232 Ë°å.
NOTIC: [8] Undefined index: for /data/home/bmu014149/htdocs/wcs/Include/form/includes/Label.php Á¨¨ 183 Ë°å.
NOTIC: [8] Undefined index: for /data/home/bmu014149/htdocs/wcs/Include/form/includes/Label.php Á¨¨ 183 Ë°å.
INFO: [ view_parse ] --START--
INFO: ParseTemplate Behavior ::run [ RunTime:0.008094s ]
INFO: [ view_parse ] --END-- [ RunTime:0.008191s ]
INFO: [ view_filter ] --START--
INFO: ContentReplace Behavior ::run [ RunTime:0.000575s ]
INFO: TokenBuild Behavior ::run [ RunTime:0.000338s ]
INFO: WriteHtmlCache Behavior ::run [ RunTime:0.000205s ]
INFO: ShowRuntime Behavior ::run [ RunTime:0.000479s ]
INFO: [ view_filter ] --END-- [ RunTime:0.001798s ]
INFO: [ view_end ] --START--
INFO: ShowPageTrace Behavior ::run [ RunTime:0.000529s ]
INFO: [ view_end ] --END-- [ RunTime:0.000601s ]

[ 2016-11-28T15:01:06+08:00 ] ERR: site.xml : wcs/Tpl/home/default/site.xml
[ 2016-11-28T15:01:06+08:00 ] 222.42.114.20 /admin.php/admin/sites/getSiteStyleHtml.html
INFO: [ route_check ] --START--
INFO: CheckRoute Behavior ::run [ RunTime:0.000540s ]
INFO: [ route_check ] --END-- [ RunTime:0.000659s ]
INFO: [ app_begin ] --START--
INFO: ReadHtmlCache Behavior ::run [ RunTime:0.000352s ]
INFO: [ app_begin ] --END-- [ RunTime:0.000404s ]
NOTIC: [2048] Declaration of SitesAction::show() should be compatible with that of Action::show() /data/home/bmu014149/htdocs/wcs/Lib/Action/admin/SitesAction.class.php Á¨¨ 9 Ë°å.
INFO: [ action_begin ] --START--
INFO: Adminready Behavior ::run [ RunTime:0.001272s ]
INFO: [ action_begin ] --END-- [ RunTime:0.001327s ]
SQL: SHOW COLUMNS FROM `ha_arctype` [ RunTime:0.001588s ]
SQL: SELECT `id` FROM `ha_arctype` WHERE ( `status` = -1 ) AND ( `recycledate` < 1477724466 )  [ RunTime:0.000253s ]
SQL: SHOW COLUMNS FROM `ha_archives` [ RunTime:0.001559s ]
SQL: SELECT `id` FROM `ha_archives` WHERE ( `status` = -1 ) AND ( `recycledate` < 1477724466 )  [ RunTime:0.000246s ]
NOTIC: Âª∫ËÆÆ‰ΩøÁî®IÊñπÊ≥ïÊõø‰ª£_param
NOTIC: Âª∫ËÆÆ‰ΩøÁî®IÊñπÊ≥ïÊõø‰ª£_param

[ 2016-11-28T15:01:14+08:00 ] 222.42.114.20 /admin.php/admin/form/siteupdate.html
INFO: [ route_check ] --START--
INFO: CheckRoute Behavior ::run [ RunTime:0.000509s ]
INFO: [ route_check ] --END-- [ RunTime:0.000614s ]
INFO: [ app_begin ] --START--
INFO: ReadHtmlCache Behavior ::run [ RunTime:0.000338s ]
INFO: [ app_begin ] --END-- [ RunTime:0.000395s ]
INFO: [ action_begin ] --START--
INFO: Adminready Behavior ::run [ RunTime:0.001277s ]
INFO: [ action_begin ] --END-- [ RunTime:0.001334s ]
SQL: SHOW COLUMNS FROM `ha_sites` [ RunTime:0.001163s ]
SQL: UPDATE `ha_sites` SET `name`='‰∏ªÁ´ô',`host`='www.huaaotech.com|huaaotech.com',`port`=80,`theme`='default',`style`='default',`banner`='',`status`='ÂºÄÂê\Ø' WHERE ( `id` = 1 ) [ RunTime:0.000581s ]
INFO: [ view_parse ] --START--
NOTIC: [8] Undefined variable: welcome /data/home/bmu014149/htdocs/wcs/Runtime/Cache/admin/1a8f48f9a4720c8076795f96159893f0.php Á¨¨ 49 Ë°å.
INFO: ParseTemplate Behavior ::run [ RunTime:0.007807s ]
INFO: [ view_parse ] --END-- [ RunTime:0.007899s ]
INFO: [ view_filter ] --START--
INFO: ContentReplace Behavior ::run [ RunTime:0.000327s ]
INFO: TokenBuild Behavior ::run [ RunTime:0.000265s ]
INFO: WriteHtmlCache Behavior ::run [ RunTime:0.000184s ]
INFO: ShowRuntime Behavior ::run [ RunTime:0.000292s ]
INFO: [ view_filter ] --END-- [ RunTime:0.001205s ]
INFO: [ view_end ] --START--
INFO: ShowPageTrace Behavior ::run [ RunTime:0.000410s ]
INFO: [ view_end ] --END-- [ RunTime:0.000458s ]

[ 2016-11-28T15:01:15+08:00 ] 222.42.114.20 /admin.php/admin/sites/show
INFO: [ route_check ] --START--
INFO: CheckRoute Behavior ::run [ RunTime:0.000841s ]
INFO: [ route_check ] --END-- [ RunTime:0.001025s ]
INFO: [ app_begin ] --START--
INFO: ReadHtmlCache Behavior ::run [ RunTime:0.000394s ]
INFO: [ app_begin ] --END-- [ RunTime:0.000466s ]
NOTIC: [2048] Declaration of SitesAction::show() should be compatible with that of Action::show() /data/home/bmu014149/htdocs/wcs/Lib/Action/admin/SitesAction.class.php Á¨¨ 9 Ë°å.
INFO: [ action_begin ] --START--
SQL: SHOW COLUMNS FROM `ha_sites` [ RunTime:0.001099s ]
SQL: SELECT * FROM `ha_sites` WHERE ( `status` = 'ÂºÄÂê\Ø' )  [ RunTime:0.000405s ]
INFO: Adminready Behavior ::run [ RunTime:0.011971s ]
INFO: [ action_begin ] --END-- [ RunTime:0.012048s ]
SQL: SHOW COLUMNS FROM `ha_arctype` [ RunTime:0.001089s ]
SQL: SELECT `id` FROM `ha_arctype` WHERE ( `status` = -1 ) AND ( `recycledate` < 1477724475 )  [ RunTime:0.000396s ]
SQL: SHOW COLUMNS FROM `ha_archives` [ RunTime:0.001081s ]
SQL: SELECT `id` FROM `ha_archives` WHERE ( `status` = -1 ) AND ( `recycledate` < 1477724475 )  [ RunTime:0.000455s ]
NOTIC: [8] Undefined variable: map /data/home/bmu014149/htdocs/wcs/Lib/Action/admin/SitesAction.class.php Á¨¨ 46 Ë°å.
SQL: SELECT COUNT(*) AS tp_count FROM `ha_sites` LIMIT 1   [ RunTime:0.000300s ]
NOTIC: [8] Undefined index: searchby /data/home/bmu014149/htdocs/wcs/Lib/Action/admin/SitesAction.class.php Á¨¨ 50 Ë°å.
NOTIC: [8] Undefined variable: map /data/home/bmu014149/htdocs/wcs/Lib/Action/admin/SitesAction.class.php Á¨¨ 55 Ë°å.
SQL: SELECT * FROM `ha_sites` ORDER BY id desc LIMIT 0,20   [ RunTime:0.000527s ]
NOTIC: [8] Undefined variable: orderby /data/home/bmu014149/htdocs/wcs/Lib/Action/admin/SitesAction.class.php Á¨¨ 61 Ë°å.
NOTIC: [8] Undefined index: searchby /data/home/bmu014149/htdocs/wcs/Lib/Action/admin/SitesAction.class.php Á¨¨ 63 Ë°å.
INFO: [ view_parse ] --START--
NOTIC: [8] Undefined variable: add_style /data/home/bmu014149/htdocs/wcs/Runtime/Cache/admin/2245838f32f16d0ee620b6e7f9fb6149.php Á¨¨ 109 Ë°å.
NOTIC: [8] Undefined variable: searchkey /data/home/bmu014149/htdocs/wcs/Runtime/Cache/admin/2245838f32f16d0ee620b6e7f9fb6149.php Á¨¨ 119 Ë°å.
INFO: ParseTemplate Behavior ::run [ RunTime:0.010834s ]
INFO: [ view_parse ] --END-- [ RunTime:0.010910s ]
INFO: [ view_filter ] --START--
INFO: ContentReplace Behavior ::run [ RunTime:0.000399s ]
INFO: TokenBuild Behavior ::run [ RunTime:0.000286s ]
INFO: WriteHtmlCache Behavior ::run [ RunTime:0.000182s ]
INFO: ShowRuntime Behavior ::run [ RunTime:0.000316s ]
INFO: [ view_filter ] --END-- [ RunTime:0.001333s ]
INFO: [ view_end ] --START--
INFO: ShowPageTrace Behavior ::run [ RunTime:0.000385s ]
INFO: [ view_end ] --END-- [ RunTime:0.000428s ]

[ 2016-11-28T15:01:17+08:00 ] 222.42.114.20 /admin.php/admin/sys/setConfig?groupid=1
INFO: [ route_check ] --START--
INFO: CheckRoute Behavior ::run [ RunTime:0.000537s ]
INFO: [ route_check ] --END-- [ RunTime:0.000655s ]
INFO: [ app_begin ] --START--
INFO: ReadHtmlCache Behavior ::run [ RunTime:0.000354s ]
INFO: [ app_begin ] --END-- [ RunTime:0.000409s ]
INFO: [ action_begin ] --START--
INFO: Adminready Behavior ::run [ RunTime:0.001272s ]
INFO: [ action_begin ] --END-- [ RunTime:0.001325s ]
SQL: SHOW COLUMNS FROM `ha_arctype` [ RunTime:0.001125s ]
SQL: SELECT `id` FROM `ha_arctype` WHERE ( `status` = -1 ) AND ( `recycledate` < 1477724477 )  [ RunTime:0.000394s ]
SQL: SHOW COLUMNS FROM `ha_archives` [ RunTime:0.000828s ]
SQL: SELECT `id` FROM `ha_archives` WHERE ( `status` = -1 ) AND ( `recycledate` < 1477724477 )  [ RunTime:0.000464s ]
SQL: SHOW COLUMNS FROM `ha_sysconfig` [ RunTime:0.001095s ]
SQL: SELECT * FROM `ha_sysconfig` WHERE ( groupid=1 ) ORDER BY `order` asc  [ RunTime:0.000490s ]
INFO: [ view_parse ] --START--
NOTIC: [8] Undefined variable: typeid /data/home/bmu014149/htdocs/wcs/Runtime/Cache/admin/6c50d6b99ddd4ddcbbb04c7ba44645f7.php Á¨¨ 45 Ë°å.
NOTIC: [8] Undefined variable: ftid /data/home/bmu014149/htdocs/wcs/Runtime/Cache/admin/6c50d6b99ddd4ddcbbb04c7ba44645f7.php Á¨¨ 109 Ë°å.
INFO: ParseTemplate Behavior ::run [ RunTime:0.007564s ]
INFO: [ view_parse ] --END-- [ RunTime:0.007638s ]
INFO: [ view_filter ] --START--
INFO: ContentReplace Behavior ::run [ RunTime:0.000472s ]
INFO: TokenBuild Behavior ::run [ RunTime:0.000287s ]
INFO: WriteHtmlCache Behavior ::run [ RunTime:0.000189s ]
INFO: ShowRuntime Behavior ::run [ RunTime:0.000321s ]
INFO: [ view_filter ] --END-- [ RunTime:0.001443s ]
INFO: [ view_end ] --START--
INFO: ShowPageTrace Behavior ::run [ RunTime:0.000403s ]
INFO: [ view_end ] --END-- [ RunTime:0.000462s ]

[ 2016-11-28T15:01:25+08:00 ] 222.42.114.20 /admin.php/admin/form/configupdate.html
INFO: [ route_check ] --START--
INFO: CheckRoute Behavior ::run [ RunTime:0.000542s ]
INFO: [ route_check ] --END-- [ RunTime:0.000670s ]
INFO: [ app_begin ] --START--
INFO: ReadHtmlCache Behavior ::run [ RunTime:0.000545s ]
INFO: [ app_begin ] --END-- [ RunTime:0.000638s ]
INFO: [ action_begin ] --START--
INFO: Adminready Behavior ::run [ RunTime:0.001656s ]
INFO: [ action_begin ] --END-- [ RunTime:0.001727s ]
SQL: SHOW COLUMNS FROM `ha_sysconfig` [ RunTime:0.000881s ]
SQL: SELECT * FROM `ha_sysconfig` WHERE ( `varname`='groupid' ) LIMIT 1   [ RunTime:0.000642s ]
SQL: SELECT * FROM `ha_sysconfig` WHERE ( `varname`='name_form' ) LIMIT 1   [ RunTime:0.000410s ]
SQL: SELECT * FROM `ha_sysconfig` WHERE ( `varname`='zebra_honeypot_form' ) LIMIT 1   [ RunTime:0.000487s ]
SQL: SELECT * FROM `ha_sysconfig` WHERE ( `varname`='zebra_csrf_token_form' ) LIMIT 1   [ RunTime:0.000491s ]
SQL: SELECT * FROM `ha_sysconfig` WHERE ( `varname`='JL_BASEHOST' ) LIMIT 1   [ RunTime:0.000337s ]
SQL: UPDATE `ha_sysconfig` SET `value`='http://www.huaaotech.com' WHERE ( `id` = 2 ) [ RunTime:0.000399s ]
SQL: SELECT * FROM `ha_sysconfig` WHERE ( `varname`='JL_CMSPATH' ) LIMIT 1   [ RunTime:0.000365s ]
SQL: SELECT * FROM `ha_sysconfig` WHERE ( `varname`='JL_WEBNAME' ) LIMIT 1   [ RunTime:0.000321s ]
SQL: SELECT * FROM `ha_sysconfig` WHERE ( `varname`='JL_KEYWORDS' ) LIMIT 1   [ RunTime:0.000326s ]
SQL: SELECT * FROM `ha_sysconfig` WHERE ( `varname`='JL_DESC' ) LIMIT 1   [ RunTime:0.000288s ]
SQL: SELECT * FROM `ha_sysconfig` WHERE ( `varname`='JL_BEIAN' ) LIMIT 1   [ RunTime:0.000324s ]
SQL: SELECT * FROM `ha_sysconfig` WHERE ( `varname`='JL_COPYRIGHT' ) LIMIT 1   [ RunTime:0.000368s ]
SQL: SELECT * FROM `ha_sysconfig` WHERE ( `varname`='JL_DIANHUA' ) LIMIT 1   [ RunTime:0.000615s ]
SQL: SELECT * FROM `ha_sysconfig` WHERE ( `varname`='JL_TEL' ) LIMIT 1   [ RunTime:0.000388s ]
SQL: SELECT * FROM `ha_sysconfig` WHERE ( `varname`='JL_DIZHI' ) LIMIT 1   [ RunTime:0.000311s ]
SQL: SELECT * FROM `ha_sysconfig` WHERE ( `varname`='JL_FAX' ) LIMIT 1   [ RunTime:0.000314s ]
SQL: SELECT * FROM `ha_sysconfig` WHERE ( `varname`='JL_EMAIL' ) LIMIT 1   [ RunTime:0.000352s ]
SQL: SELECT * FROM `ha_sysconfig` WHERE ( `varname`='JL_APPURL' ) LIMIT 1   [ RunTime:0.000322s ]
SQL: SELECT * FROM `ha_sysconfig` WHERE ( `varname`='btnsubmit' ) LIMIT 1   [ RunTime:0.000295s ]
SQL: SHOW COLUMNS FROM `ha_configtype` [ RunTime:0.000866s ]
SQL: SELECT `id` FROM `ha_configtype` WHERE ( `display`=1 )  [ RunTime:0.000308s ]
SQL: SELECT * FROM `ha_sysconfig` WHERE ( groupid in (1,2,3,4,5,6) )  [ RunTime:0.000564s ]
INFO: [ view_parse ] --START--
NOTIC: [8] Undefined variable: welcome /data/home/bmu014149/htdocs/wcs/Runtime/Cache/admin/1a8f48f9a4720c8076795f96159893f0.php Á¨¨ 49 Ë°å.
INFO: ParseTemplate Behavior ::run [ RunTime:0.008382s ]
INFO: [ view_parse ] --END-- [ RunTime:0.008465s ]
INFO: [ view_filter ] --START--
INFO: ContentReplace Behavior ::run [ RunTime:0.000331s ]
INFO: TokenBuild Behavior ::run [ RunTime:0.000263s ]
INFO: WriteHtmlCache Behavior ::run [ RunTime:0.000201s ]
INFO: ShowRuntime Behavior ::run [ RunTime:0.000301s ]
INFO: [ view_filter ] --END-- [ RunTime:0.001243s ]
INFO: [ view_end ] --START--
INFO: ShowPageTrace Behavior ::run [ RunTime:0.000405s ]
INFO: [ view_end ] --END-- [ RunTime:0.000451s ]

[ 2016-11-28T15:01:27+08:00 ] 222.42.114.20 /admin.php/admin/sys/setConfig?groupid=1
INFO: [ route_check ] --START--
INFO: CheckRoute Behavior ::run [ RunTime:0.000523s ]
INFO: [ route_check ] --END-- [ RunTime:0.000644s ]
INFO: [ app_begin ] --START--
INFO: ReadHtmlCache Behavior ::run [ RunTime:0.000335s ]
INFO: [ app_begin ] --END-- [ RunTime:0.000401s ]
INFO: [ action_begin ] --START--
INFO: Adminready Behavior ::run [ RunTime:0.001257s ]
INFO: [ action_begin ] --END-- [ RunTime:0.001310s ]
SQL: SHOW COLUMNS FROM `ha_arctype` [ RunTime:0.001146s ]
SQL: SELECT `id` FROM `ha_arctype` WHERE ( `status` = -1 ) AND ( `recycledate` < 1477724487 )  [ RunTime:0.000406s ]
SQL: SHOW COLUMNS FROM `ha_archives` [ RunTime:0.000812s ]
SQL: SELECT `id` FROM `ha_archives` WHERE ( `status` = -1 ) AND ( `recycledate` < 1477724487 )  [ RunTime:0.000448s ]
SQL: SHOW COLUMNS FROM `ha_sysconfig` [ RunTime:0.000612s ]
SQL: SELECT * FROM `ha_sysconfig` WHERE ( groupid=1 ) ORDER BY `order` asc  [ RunTime:0.000457s ]
INFO: [ view_parse ] --START--
NOTIC: [8] Undefined variable: typeid /data/home/bmu014149/htdocs/wcs/Runtime/Cache/admin/6c50d6b99ddd4ddcbbb04c7ba44645f7.php Á¨¨ 45 Ë°å.
NOTIC: [8] Undefined variable: ftid /data/home/bmu014149/htdocs/wcs/Runtime/Cache/admin/6c50d6b99ddd4ddcbbb04c7ba44645f7.php Á¨¨ 109 Ë°å.
INFO: ParseTemplate Behavior ::run [ RunTime:0.007335s ]
INFO: [ view_parse ] --END-- [ RunTime:0.007401s ]
INFO: [ view_filter ] --START--
INFO: ContentReplace Behavior ::run [ RunTime:0.000417s ]
INFO: TokenBuild Behavior ::run [ RunTime:0.000277s ]
INFO: WriteHtmlCache Behavior ::run [ RunTime:0.000195s ]
INFO: ShowRuntime Behavior ::run [ RunTime:0.000300s ]
INFO: [ view_filter ] --END-- [ RunTime:0.001340s ]
INFO: [ view_end ] --START--
INFO: ShowPageTrace Behavior ::run [ RunTime:0.000398s ]
INFO: [ view_end ] --END-- [ RunTime:0.000447s ]

